c:\users\chen\source\repos\elections1.1\elections1.1\debug\vc141.pdb
c:\users\chen\source\repos\elections1.1\elections1.1\debug\vc141.idb
c:\users\chen\source\repos\elections1.1\elections1.1\debug\votingresult.obj
c:\users\chen\source\repos\elections1.1\elections1.1\debug\votingregion.obj
c:\users\chen\source\repos\elections1.1\elections1.1\debug\userinterface.obj
c:\users\chen\source\repos\elections1.1\elections1.1\debug\system.obj
c:\users\chen\source\repos\elections1.1\elections1.1\debug\politicalparty.obj
c:\users\chen\source\repos\elections1.1\elections1.1\debug\militaryvotingregion.obj
c:\users\chen\source\repos\elections1.1\elections1.1\debug\main.obj
c:\users\chen\source\repos\elections1.1\elections1.1\debug\date.obj
c:\users\chen\source\repos\elections1.1\elections1.1\debug\covid19militaryvotingregion.obj
c:\users\chen\source\repos\elections1.1\elections1.1\debug\covid19civilianvotingregion.obj
c:\users\chen\source\repos\elections1.1\elections1.1\debug\citizen.obj
c:\users\chen\source\repos\elections1.1\elections1.1\debug\candidate.obj
c:\users\chen\source\repos\elections1.1\elections1.1\debug\address.obj
c:\users\chen\source\repos\elections1.1\debug\elections1.1.exe
c:\users\chen\source\repos\elections1.1\debug\elections1.1.ilk
c:\users\chen\source\repos\elections1.1\debug\elections1.1.pdb
c:\users\chen\source\repos\elections1.1\elections1.1\debug\elections1.1.tlog\cl.command.1.tlog
c:\users\chen\source\repos\elections1.1\elections1.1\debug\elections1.1.tlog\cl.read.1.tlog
c:\users\chen\source\repos\elections1.1\elections1.1\debug\elections1.1.tlog\cl.write.1.tlog
c:\users\chen\source\repos\elections1.1\elections1.1\debug\elections1.1.tlog\link.command.1.tlog
c:\users\chen\source\repos\elections1.1\elections1.1\debug\elections1.1.tlog\link.read.1.tlog
c:\users\chen\source\repos\elections1.1\elections1.1\debug\elections1.1.tlog\link.write.1.tlog
